[2019-07-17 15:09:59] local.ERROR: Illuminate\Contracts\Container\BindingResolutionException: Target [Illuminate\Contracts\Console\Kernel] is not instantiable. in /Users/macmini03/Google Drive/development/code/buzzina/api.bootstrap/vendor/illuminate/container/Container.php:962
Stack trace:
#0 /Users/macmini03/Google Drive/development/code/buzzina/api.bootstrap/vendor/illuminate/container/Container.php(796): Illuminate\Container\Container->notInstantiable('Illuminate\\Cont...')
#1 /Users/macmini03/Google Drive/development/code/buzzina/api.bootstrap/vendor/illuminate/container/Container.php(667): Illuminate\Container\Container->build('Illuminate\\Cont...')
#2 /Users/macmini03/Google Drive/development/code/buzzina/api.bootstrap/vendor/illuminate/container/Container.php(615): Illuminate\Container\Container->resolve('Illuminate\\Cont...', Array)
#3 /Users/macmini03/Google Drive/development/code/buzzina/api.bootstrap/vendor/laravel/lumen-framework/src/Application.php(267): Illuminate\Container\Container->make('Illuminate\\Cont...', Array)
#4 /Users/macmini03/Google Drive/development/code/buzzina/api.bootstrap/app/Console/Commands/ComposerScripts/IdeHelperCommand.php(48): Laravel\Lumen\Application->make('Illuminate\\Cont...')
#5 [internal function]: App\Console\Commands\ComposerScripts\IdeHelperCommand::handle()
#6 /Users/macmini03/Google Drive/development/code/buzzina/api.bootstrap/vendor/illuminate/container/BoundMethod.php(32): call_user_func_array(Array, Array)
#7 /Users/macmini03/Google Drive/development/code/buzzina/api.bootstrap/vendor/illuminate/container/BoundMethod.php(90): Illuminate\Container\BoundMethod::Illuminate\Container\{closure}()
#8 /Users/macmini03/Google Drive/development/code/buzzina/api.bootstrap/vendor/illuminate/container/BoundMethod.php(34): Illuminate\Container\BoundMethod::callBoundMethod(Object(Laravel\Lumen\Application), Array, Object(Closure))
#9 /Users/macmini03/Google Drive/development/code/buzzina/api.bootstrap/vendor/illuminate/container/Container.php(576): Illuminate\Container\BoundMethod::call(Object(Laravel\Lumen\Application), Array, Array, NULL)
#10 /Users/macmini03/Google Drive/development/code/buzzina/api.bootstrap/vendor/illuminate/console/Command.php(183): Illuminate\Container\Container->call(Array)
#11 /Users/macmini03/Google Drive/development/code/buzzina/api.bootstrap/vendor/symfony/console/Command/Command.php(255): Illuminate\Console\Command->execute(Object(Symfony\Component\Console\Input\ArgvInput), Object(Illuminate\Console\OutputStyle))
#12 /Users/macmini03/Google Drive/development/code/buzzina/api.bootstrap/vendor/illuminate/console/Command.php(170): Symfony\Component\Console\Command\Command->run(Object(Symfony\Component\Console\Input\ArgvInput), Object(Illuminate\Console\OutputStyle))
#13 /Users/macmini03/Google Drive/development/code/buzzina/api.bootstrap/vendor/symfony/console/Application.php(921): Illuminate\Console\Command->run(Object(Symfony\Component\Console\Input\ArgvInput), Object(Symfony\Component\Console\Output\ConsoleOutput))
#14 /Users/macmini03/Google Drive/development/code/buzzina/api.bootstrap/vendor/symfony/console/Application.php(273): Symfony\Component\Console\Application->doRunCommand(Object(App\Console\Commands\ComposerScripts\IdeHelperCommand), Object(Symfony\Component\Console\Input\ArgvInput), Object(Symfony\Component\Console\Output\ConsoleOutput))
#15 /Users/macmini03/Google Drive/development/code/buzzina/api.bootstrap/vendor/symfony/console/Application.php(149): Symfony\Component\Console\Application->doRun(Object(Symfony\Component\Console\Input\ArgvInput), Object(Symfony\Component\Console\Output\ConsoleOutput))
#16 /Users/macmini03/Google Drive/development/code/buzzina/api.bootstrap/vendor/illuminate/console/Application.php(90): Symfony\Component\Console\Application->run(Object(Symfony\Component\Console\Input\ArgvInput), Object(Symfony\Component\Console\Output\ConsoleOutput))
#17 /Users/macmini03/Google Drive/development/code/buzzina/api.bootstrap/vendor/laravel/lumen-framework/src/Console/Kernel.php(115): Illuminate\Console\Application->run(Object(Symfony\Component\Console\Input\ArgvInput), Object(Symfony\Component\Console\Output\ConsoleOutput))
#18 /Users/macmini03/Google Drive/development/code/buzzina/api.bootstrap/artisan(35): Laravel\Lumen\Console\Kernel->handle(Object(Symfony\Component\Console\Input\ArgvInput), Object(Symfony\Component\Console\Output\ConsoleOutput))
#19 {main} {"exception":"[object] (Illuminate\\Contracts\\Container\\BindingResolutionException(code: 0): Target [Illuminate\\Contracts\\Console\\Kernel] is not instantiable. at /Users/macmini03/Google Drive/development/code/buzzina/api.bootstrap/vendor/illuminate/container/Container.php:962)
[stacktrace]
#0 /Users/macmini03/Google Drive/development/code/buzzina/api.bootstrap/vendor/illuminate/container/Container.php(796): Illuminate\\Container\\Container->notInstantiable('Illuminate\\\\Cont...')
#1 /Users/macmini03/Google Drive/development/code/buzzina/api.bootstrap/vendor/illuminate/container/Container.php(667): Illuminate\\Container\\Container->build('Illuminate\\\\Cont...')
#2 /Users/macmini03/Google Drive/development/code/buzzina/api.bootstrap/vendor/illuminate/container/Container.php(615): Illuminate\\Container\\Container->resolve('Illuminate\\\\Cont...', Array)
#3 /Users/macmini03/Google Drive/development/code/buzzina/api.bootstrap/vendor/laravel/lumen-framework/src/Application.php(267): Illuminate\\Container\\Container->make('Illuminate\\\\Cont...', Array)
#4 /Users/macmini03/Google Drive/development/code/buzzina/api.bootstrap/app/Console/Commands/ComposerScripts/IdeHelperCommand.php(48): Laravel\\Lumen\\Application->make('Illuminate\\\\Cont...')
#5 [internal function]: App\\Console\\Commands\\ComposerScripts\\IdeHelperCommand::handle()
#6 /Users/macmini03/Google Drive/development/code/buzzina/api.bootstrap/vendor/illuminate/container/BoundMethod.php(32): call_user_func_array(Array, Array)
#7 /Users/macmini03/Google Drive/development/code/buzzina/api.bootstrap/vendor/illuminate/container/BoundMethod.php(90): Illuminate\\Container\\BoundMethod::Illuminate\\Container\\{closure}()
#8 /Users/macmini03/Google Drive/development/code/buzzina/api.bootstrap/vendor/illuminate/container/BoundMethod.php(34): Illuminate\\Container\\BoundMethod::callBoundMethod(Object(Laravel\\Lumen\\Application), Array, Object(Closure))
#9 /Users/macmini03/Google Drive/development/code/buzzina/api.bootstrap/vendor/illuminate/container/Container.php(576): Illuminate\\Container\\BoundMethod::call(Object(Laravel\\Lumen\\Application), Array, Array, NULL)
#10 /Users/macmini03/Google Drive/development/code/buzzina/api.bootstrap/vendor/illuminate/console/Command.php(183): Illuminate\\Container\\Container->call(Array)
#11 /Users/macmini03/Google Drive/development/code/buzzina/api.bootstrap/vendor/symfony/console/Command/Command.php(255): Illuminate\\Console\\Command->execute(Object(Symfony\\Component\\Console\\Input\\ArgvInput), Object(Illuminate\\Console\\OutputStyle))
#12 /Users/macmini03/Google Drive/development/code/buzzina/api.bootstrap/vendor/illuminate/console/Command.php(170): Symfony\\Component\\Console\\Command\\Command->run(Object(Symfony\\Component\\Console\\Input\\ArgvInput), Object(Illuminate\\Console\\OutputStyle))
#13 /Users/macmini03/Google Drive/development/code/buzzina/api.bootstrap/vendor/symfony/console/Application.php(921): Illuminate\\Console\\Command->run(Object(Symfony\\Component\\Console\\Input\\ArgvInput), Object(Symfony\\Component\\Console\\Output\\ConsoleOutput))
#14 /Users/macmini03/Google Drive/development/code/buzzina/api.bootstrap/vendor/symfony/console/Application.php(273): Symfony\\Component\\Console\\Application->doRunCommand(Object(App\\Console\\Commands\\ComposerScripts\\IdeHelperCommand), Object(Symfony\\Component\\Console\\Input\\ArgvInput), Object(Symfony\\Component\\Console\\Output\\ConsoleOutput))
#15 /Users/macmini03/Google Drive/development/code/buzzina/api.bootstrap/vendor/symfony/console/Application.php(149): Symfony\\Component\\Console\\Application->doRun(Object(Symfony\\Component\\Console\\Input\\ArgvInput), Object(Symfony\\Component\\Console\\Output\\ConsoleOutput))
#16 /Users/macmini03/Google Drive/development/code/buzzina/api.bootstrap/vendor/illuminate/console/Application.php(90): Symfony\\Component\\Console\\Application->run(Object(Symfony\\Component\\Console\\Input\\ArgvInput), Object(Symfony\\Component\\Console\\Output\\ConsoleOutput))
#17 /Users/macmini03/Google Drive/development/code/buzzina/api.bootstrap/vendor/laravel/lumen-framework/src/Console/Kernel.php(115): Illuminate\\Console\\Application->run(Object(Symfony\\Component\\Console\\Input\\ArgvInput), Object(Symfony\\Component\\Console\\Output\\ConsoleOutput))
#18 /Users/macmini03/Google Drive/development/code/buzzina/api.bootstrap/artisan(35): Laravel\\Lumen\\Console\\Kernel->handle(Object(Symfony\\Component\\Console\\Input\\ArgvInput), Object(Symfony\\Component\\Console\\Output\\ConsoleOutput))
#19 {main}
"} 
[2019-07-17 15:11:41] local.ERROR: Illuminate\Contracts\Container\BindingResolutionException: Target [Illuminate\Contracts\Console\Kernel] is not instantiable. in /Users/macmini03/Google Drive/development/code/buzzina/api.bootstrap/vendor/illuminate/container/Container.php:962
Stack trace:
#0 /Users/macmini03/Google Drive/development/code/buzzina/api.bootstrap/vendor/illuminate/container/Container.php(796): Illuminate\Container\Container->notInstantiable('Illuminate\\Cont...')
#1 /Users/macmini03/Google Drive/development/code/buzzina/api.bootstrap/vendor/illuminate/container/Container.php(667): Illuminate\Container\Container->build('Illuminate\\Cont...')
#2 /Users/macmini03/Google Drive/development/code/buzzina/api.bootstrap/vendor/illuminate/container/Container.php(615): Illuminate\Container\Container->resolve('Illuminate\\Cont...', Array)
#3 /Users/macmini03/Google Drive/development/code/buzzina/api.bootstrap/vendor/laravel/lumen-framework/src/Application.php(267): Illuminate\Container\Container->make('Illuminate\\Cont...', Array)
#4 /Users/macmini03/Google Drive/development/code/buzzina/api.bootstrap/app/Console/Commands/ComposerScripts/IdeHelperCommand.php(54): Laravel\Lumen\Application->make('Illuminate\\Cont...')
#5 [internal function]: App\Console\Commands\ComposerScripts\IdeHelperCommand::handle()
#6 /Users/macmini03/Google Drive/development/code/buzzina/api.bootstrap/vendor/illuminate/container/BoundMethod.php(32): call_user_func_array(Array, Array)
#7 /Users/macmini03/Google Drive/development/code/buzzina/api.bootstrap/vendor/illuminate/container/BoundMethod.php(90): Illuminate\Container\BoundMethod::Illuminate\Container\{closure}()
#8 /Users/macmini03/Google Drive/development/code/buzzina/api.bootstrap/vendor/illuminate/container/BoundMethod.php(34): Illuminate\Container\BoundMethod::callBoundMethod(Object(Laravel\Lumen\Application), Array, Object(Closure))
#9 /Users/macmini03/Google Drive/development/code/buzzina/api.bootstrap/vendor/illuminate/container/Container.php(576): Illuminate\Container\BoundMethod::call(Object(Laravel\Lumen\Application), Array, Array, NULL)
#10 /Users/macmini03/Google Drive/development/code/buzzina/api.bootstrap/vendor/illuminate/console/Command.php(183): Illuminate\Container\Container->call(Array)
#11 /Users/macmini03/Google Drive/development/code/buzzina/api.bootstrap/vendor/symfony/console/Command/Command.php(255): Illuminate\Console\Command->execute(Object(Symfony\Component\Console\Input\ArgvInput), Object(Illuminate\Console\OutputStyle))
#12 /Users/macmini03/Google Drive/development/code/buzzina/api.bootstrap/vendor/illuminate/console/Command.php(170): Symfony\Component\Console\Command\Command->run(Object(Symfony\Component\Console\Input\ArgvInput), Object(Illuminate\Console\OutputStyle))
#13 /Users/macmini03/Google Drive/development/code/buzzina/api.bootstrap/vendor/symfony/console/Application.php(921): Illuminate\Console\Command->run(Object(Symfony\Component\Console\Input\ArgvInput), Object(Symfony\Component\Console\Output\ConsoleOutput))
#14 /Users/macmini03/Google Drive/development/code/buzzina/api.bootstrap/vendor/symfony/console/Application.php(273): Symfony\Component\Console\Application->doRunCommand(Object(App\Console\Commands\ComposerScripts\IdeHelperCommand), Object(Symfony\Component\Console\Input\ArgvInput), Object(Symfony\Component\Console\Output\ConsoleOutput))
#15 /Users/macmini03/Google Drive/development/code/buzzina/api.bootstrap/vendor/symfony/console/Application.php(149): Symfony\Component\Console\Application->doRun(Object(Symfony\Component\Console\Input\ArgvInput), Object(Symfony\Component\Console\Output\ConsoleOutput))
#16 /Users/macmini03/Google Drive/development/code/buzzina/api.bootstrap/vendor/illuminate/console/Application.php(90): Symfony\Component\Console\Application->run(Object(Symfony\Component\Console\Input\ArgvInput), Object(Symfony\Component\Console\Output\ConsoleOutput))
#17 /Users/macmini03/Google Drive/development/code/buzzina/api.bootstrap/vendor/laravel/lumen-framework/src/Console/Kernel.php(115): Illuminate\Console\Application->run(Object(Symfony\Component\Console\Input\ArgvInput), Object(Symfony\Component\Console\Output\ConsoleOutput))
#18 /Users/macmini03/Google Drive/development/code/buzzina/api.bootstrap/artisan(35): Laravel\Lumen\Console\Kernel->handle(Object(Symfony\Component\Console\Input\ArgvInput), Object(Symfony\Component\Console\Output\ConsoleOutput))
#19 {main} {"exception":"[object] (Illuminate\\Contracts\\Container\\BindingResolutionException(code: 0): Target [Illuminate\\Contracts\\Console\\Kernel] is not instantiable. at /Users/macmini03/Google Drive/development/code/buzzina/api.bootstrap/vendor/illuminate/container/Container.php:962)
[stacktrace]
#0 /Users/macmini03/Google Drive/development/code/buzzina/api.bootstrap/vendor/illuminate/container/Container.php(796): Illuminate\\Container\\Container->notInstantiable('Illuminate\\\\Cont...')
#1 /Users/macmini03/Google Drive/development/code/buzzina/api.bootstrap/vendor/illuminate/container/Container.php(667): Illuminate\\Container\\Container->build('Illuminate\\\\Cont...')
#2 /Users/macmini03/Google Drive/development/code/buzzina/api.bootstrap/vendor/illuminate/container/Container.php(615): Illuminate\\Container\\Container->resolve('Illuminate\\\\Cont...', Array)
#3 /Users/macmini03/Google Drive/development/code/buzzina/api.bootstrap/vendor/laravel/lumen-framework/src/Application.php(267): Illuminate\\Container\\Container->make('Illuminate\\\\Cont...', Array)
#4 /Users/macmini03/Google Drive/development/code/buzzina/api.bootstrap/app/Console/Commands/ComposerScripts/IdeHelperCommand.php(54): Laravel\\Lumen\\Application->make('Illuminate\\\\Cont...')
#5 [internal function]: App\\Console\\Commands\\ComposerScripts\\IdeHelperCommand::handle()
#6 /Users/macmini03/Google Drive/development/code/buzzina/api.bootstrap/vendor/illuminate/container/BoundMethod.php(32): call_user_func_array(Array, Array)
#7 /Users/macmini03/Google Drive/development/code/buzzina/api.bootstrap/vendor/illuminate/container/BoundMethod.php(90): Illuminate\\Container\\BoundMethod::Illuminate\\Container\\{closure}()
#8 /Users/macmini03/Google Drive/development/code/buzzina/api.bootstrap/vendor/illuminate/container/BoundMethod.php(34): Illuminate\\Container\\BoundMethod::callBoundMethod(Object(Laravel\\Lumen\\Application), Array, Object(Closure))
#9 /Users/macmini03/Google Drive/development/code/buzzina/api.bootstrap/vendor/illuminate/container/Container.php(576): Illuminate\\Container\\BoundMethod::call(Object(Laravel\\Lumen\\Application), Array, Array, NULL)
#10 /Users/macmini03/Google Drive/development/code/buzzina/api.bootstrap/vendor/illuminate/console/Command.php(183): Illuminate\\Container\\Container->call(Array)
#11 /Users/macmini03/Google Drive/development/code/buzzina/api.bootstrap/vendor/symfony/console/Command/Command.php(255): Illuminate\\Console\\Command->execute(Object(Symfony\\Component\\Console\\Input\\ArgvInput), Object(Illuminate\\Console\\OutputStyle))
#12 /Users/macmini03/Google Drive/development/code/buzzina/api.bootstrap/vendor/illuminate/console/Command.php(170): Symfony\\Component\\Console\\Command\\Command->run(Object(Symfony\\Component\\Console\\Input\\ArgvInput), Object(Illuminate\\Console\\OutputStyle))
#13 /Users/macmini03/Google Drive/development/code/buzzina/api.bootstrap/vendor/symfony/console/Application.php(921): Illuminate\\Console\\Command->run(Object(Symfony\\Component\\Console\\Input\\ArgvInput), Object(Symfony\\Component\\Console\\Output\\ConsoleOutput))
#14 /Users/macmini03/Google Drive/development/code/buzzina/api.bootstrap/vendor/symfony/console/Application.php(273): Symfony\\Component\\Console\\Application->doRunCommand(Object(App\\Console\\Commands\\ComposerScripts\\IdeHelperCommand), Object(Symfony\\Component\\Console\\Input\\ArgvInput), Object(Symfony\\Component\\Console\\Output\\ConsoleOutput))
#15 /Users/macmini03/Google Drive/development/code/buzzina/api.bootstrap/vendor/symfony/console/Application.php(149): Symfony\\Component\\Console\\Application->doRun(Object(Symfony\\Component\\Console\\Input\\ArgvInput), Object(Symfony\\Component\\Console\\Output\\ConsoleOutput))
#16 /Users/macmini03/Google Drive/development/code/buzzina/api.bootstrap/vendor/illuminate/console/Application.php(90): Symfony\\Component\\Console\\Application->run(Object(Symfony\\Component\\Console\\Input\\ArgvInput), Object(Symfony\\Component\\Console\\Output\\ConsoleOutput))
#17 /Users/macmini03/Google Drive/development/code/buzzina/api.bootstrap/vendor/laravel/lumen-framework/src/Console/Kernel.php(115): Illuminate\\Console\\Application->run(Object(Symfony\\Component\\Console\\Input\\ArgvInput), Object(Symfony\\Component\\Console\\Output\\ConsoleOutput))
#18 /Users/macmini03/Google Drive/development/code/buzzina/api.bootstrap/artisan(35): Laravel\\Lumen\\Console\\Kernel->handle(Object(Symfony\\Component\\Console\\Input\\ArgvInput), Object(Symfony\\Component\\Console\\Output\\ConsoleOutput))
#19 {main}
"} 
